2/05/2020 00:56:59	This log contains information about the import schema operation into project 'MarketDataBase' on computer 'EVERT-PC' by user 'EvertAnderson'.
2/05/2020 00:57:00	Import of database schema has started.
2/05/2020 00:57:07	Gathering database credentials
2/05/2020 00:57:07	Gathering database options
2/05/2020 00:57:07	Gathering generic database scoped configuration option
2/05/2020 00:57:07	Gathering users
2/05/2020 00:57:07	Gathering roles
2/05/2020 00:57:07	Gathering application roles
2/05/2020 00:57:07	Gathering role memberships
2/05/2020 00:57:07	Gathering filegroups
2/05/2020 00:57:07	Gathering full-text catalogs
2/05/2020 00:57:07	Gathering assemblies
2/05/2020 00:57:07	Gathering certificates
2/05/2020 00:57:07	Gathering asymmetric keys
2/05/2020 00:57:07	Gathering symmetric keys
2/05/2020 00:57:07	Gathering encrypted symmetric keys
2/05/2020 00:57:07	Gathering schemas
2/05/2020 00:57:07	Gathering XML schema collections
2/05/2020 00:57:07	Gathering user-defined data types
2/05/2020 00:57:07	Gathering user-defined types
2/05/2020 00:57:07	Gathering table types
2/05/2020 00:57:07	Gathering unique keys for table types
2/05/2020 00:57:07	Gathering primary keys for table types
2/05/2020 00:57:07	Gathering indexes for table types
2/05/2020 00:57:07	Gathering check constraints for table types
2/05/2020 00:57:07	Gathering default constraints for table types
2/05/2020 00:57:07	Gathering partition functions
2/05/2020 00:57:07	Gathering partition schemes
2/05/2020 00:57:07	Gathering functions
2/05/2020 00:57:07	Gathering encrypted functions
2/05/2020 00:57:07	Gathering aggregates
2/05/2020 00:57:07	Gathering procedures
2/05/2020 00:57:07	Gathering encrypted procedures
2/05/2020 00:57:07	Gathering tables
2/05/2020 00:57:07	Gathering primary keys
2/05/2020 00:57:07	Gathering unique constraints
2/05/2020 00:57:07	Gathering foreign keys
2/05/2020 00:57:07	Gathering default constraints
2/05/2020 00:57:07	Gathering check constraints
2/05/2020 00:57:08	Gathering views
2/05/2020 00:57:08	Gathering encrypted views
2/05/2020 00:57:08	Gathering indexes
2/05/2020 00:57:08	Gathering statistics
2/05/2020 00:57:08	Gathering full-text index stoplists
2/05/2020 00:57:08	Gathering search property lists
2/05/2020 00:57:08	Gathering search properties
2/05/2020 00:57:08	Gathering full-text indexes
2/05/2020 00:57:08	Gathering column store indexes
2/05/2020 00:57:08	Gathering spatial indexes
2/05/2020 00:57:08	Gathering XML indexes
2/05/2020 00:57:08	Gathering Selective XML indexes
2/05/2020 00:57:08	Gathering encrypted triggers
2/05/2020 00:57:08	Gathering triggers
2/05/2020 00:57:08	Gathering encrypted and clr ddl triggers
2/05/2020 00:57:08	Gathering ddl triggers
2/05/2020 00:57:08	Creating edge constraints
2/05/2020 00:57:08	Gathering synonyms
2/05/2020 00:57:08	Gathering defaults
2/05/2020 00:57:08	Gathering data constraint uddt bindings
2/05/2020 00:57:08	Gathering rules
2/05/2020 00:57:08	Gathering data constraint uddt bindings
2/05/2020 00:57:08	Gathering message types
2/05/2020 00:57:08	Gathering queues
2/05/2020 00:57:08	Gathering contracts
2/05/2020 00:57:08	Gathering services
2/05/2020 00:57:08	Gathering event notifications
2/05/2020 00:57:08	Gathering remote service bindings
2/05/2020 00:57:08	Gathering broker priorities
2/05/2020 00:57:08	Gathering signatures
2/05/2020 00:57:08	Gathering data compression options
2/05/2020 00:57:08	Gathering sequence types
2/05/2020 00:57:08	Gathering security policies
2/05/2020 00:57:08	Gather column encryption keys
2/05/2020 00:57:08	Gathering column master keys
2/05/2020 00:57:08	Gathering external data sources
2/05/2020 00:57:08	Gathering external file formats
2/05/2020 00:57:08	Gathering external tables
2/05/2020 00:57:08	Gathering extended properties
2/05/2020 00:57:08	Gathering credentials
2/05/2020 00:57:08	Gathering logins
2/05/2020 00:57:08	Gathering server audits
2/05/2020 00:57:09	Scanning project for duplicate elements
2/05/2020 00:57:09	Finished duplicate element processing
2/05/2020 00:57:09	Finished importing database.
2/05/2020 00:57:09	A summary of the import was saved to the following location: C:\Archivos\Personal\Yachay 2019\Aegaeon\MarketDataBase\Import Schema Logs\MarketDataBase_20200502055659.log
2/05/2020 00:57:09	Click Finish to continue...
